2025/07/19 18:47:31 [INFO] Packer version: 1.10.0 [go1.20.11 linux amd64]
2025/07/19 18:47:31 [TRACE] discovering plugins in /usr/local/bin
2025/07/19 18:47:31 [TRACE] discovering plugins in .
2025/07/19 18:47:31 [TRACE] discovering plugins in /home/ubuntu/.config/packer/plugins
2025/07/19 18:47:31 [INFO] Discovered potential plugin: meda = /home/ubuntu/.config/packer/plugins/github.com/cirunlabs/meda/packer-plugin-meda_v1.0.0_x5.0_linux_amd64
2025/07/19 18:47:31 [INFO] found external [vm] builders from meda plugin
2025/07/19 18:47:31 [INFO] Discovered potential plugin: meda = packer-plugin-meda
2025/07/19 18:47:31 [INFO] found external [vm] builders from meda plugin
2025/07/19 18:47:31 [INFO] PACKER_CONFIG env var not set; checking the default config file path
2025/07/19 18:47:31 [INFO] PACKER_CONFIG env var set; attempting to open config file: /home/ubuntu/.packerconfig
2025/07/19 18:47:31 [WARN] Config file doesn't exist: /home/ubuntu/.packerconfig
2025/07/19 18:47:31 [INFO] Setting cache directory: /home/ubuntu/.cache/packer
2025/07/19 18:47:31 [TRACE] validateValue: not active for image_tag, so skipping
2025/07/19 18:47:31 [TRACE] validateValue: not active for registry, so skipping
2025/07/19 18:47:31 [TRACE] validateValue: not active for organization, so skipping
2025/07/19 18:47:31 [TRACE] validateValue: not active for push_enabled, so skipping
2025/07/19 18:47:31 [TRACE] validateValue: not active for dry_run, so skipping
2025/07/19 18:47:31 [INFO] Starting external plugin /home/ubuntu/meda/packer-plugin-meda/packer-plugin-meda start builder vm
2025/07/19 18:47:31 Starting plugin: /home/ubuntu/meda/packer-plugin-meda/packer-plugin-meda []string{"/home/ubuntu/meda/packer-plugin-meda/packer-plugin-meda", "start", "builder", "vm"}
2025/07/19 18:47:31 Waiting for RPC address for: /home/ubuntu/meda/packer-plugin-meda/packer-plugin-meda
2025/07/19 18:47:31 packer-plugin-meda plugin: 2025/07/19 18:47:31 Plugin address: unix /tmp/packer-plugin3615343402
2025/07/19 18:47:31 packer-plugin-meda plugin: 2025/07/19 18:47:31 Waiting for connection...
2025/07/19 18:47:31 Received unix RPC address for /home/ubuntu/meda/packer-plugin-meda/packer-plugin-meda: addr is /tmp/packer-plugin3615343402
2025/07/19 18:47:31 packer-plugin-meda plugin: 2025/07/19 18:47:31 Serving a plugin connection...
2025/07/19 18:47:31 packer-plugin-meda plugin: 2025/07/19 18:47:31 [TRACE] starting builder vm
2025/07/19 18:47:31 packer-plugin-meda plugin: 2025/07/19 18:47:31 [DEBUG] - common: sending ConfigSpec as gob
2025/07/19 18:47:31 packer-plugin-meda plugin: 2025/07/19 18:47:31 [DEBUG] - common: sending ConfigSpec as gob
2025/07/19 18:47:31 [INFO] Starting internal plugin packer-provisioner-shell
2025/07/19 18:47:31 Starting plugin: /usr/local/bin/packer []string{"/usr/local/bin/packer", "plugin", "packer-provisioner-shell"}
2025/07/19 18:47:31 Waiting for RPC address for: /usr/local/bin/packer
2025/07/19 18:47:31 packer-provisioner-shell plugin: [INFO] Packer version: 1.10.0 [go1.20.11 linux amd64]
2025/07/19 18:47:31 packer-provisioner-shell plugin: [INFO] PACKER_CONFIG env var not set; checking the default config file path
2025/07/19 18:47:31 packer-provisioner-shell plugin: [INFO] PACKER_CONFIG env var set; attempting to open config file: /home/ubuntu/.packerconfig
2025/07/19 18:47:31 packer-provisioner-shell plugin: [WARN] Config file doesn't exist: /home/ubuntu/.packerconfig
2025/07/19 18:47:31 packer-provisioner-shell plugin: [INFO] Setting cache directory: /home/ubuntu/.cache/packer
2025/07/19 18:47:31 packer-provisioner-shell plugin: args: []string{"packer-provisioner-shell"}
2025/07/19 18:47:31 Received unix RPC address for /usr/local/bin/packer: addr is /tmp/packer-plugin1531857579
2025/07/19 18:47:31 packer-provisioner-shell plugin: Plugin address: unix /tmp/packer-plugin1531857579
2025/07/19 18:47:31 packer-provisioner-shell plugin: Waiting for connection...
2025/07/19 18:47:31 packer-provisioner-shell plugin: Serving a plugin connection...
2025/07/19 18:47:31 [INFO] Starting internal plugin packer-provisioner-shell
2025/07/19 18:47:31 Starting plugin: /usr/local/bin/packer []string{"/usr/local/bin/packer", "plugin", "packer-provisioner-shell"}
2025/07/19 18:47:31 Waiting for RPC address for: /usr/local/bin/packer
2025/07/19 18:47:31 packer-provisioner-shell plugin: [INFO] Packer version: 1.10.0 [go1.20.11 linux amd64]
2025/07/19 18:47:31 packer-provisioner-shell plugin: [INFO] PACKER_CONFIG env var not set; checking the default config file path
2025/07/19 18:47:31 packer-provisioner-shell plugin: [INFO] PACKER_CONFIG env var set; attempting to open config file: /home/ubuntu/.packerconfig
2025/07/19 18:47:31 packer-provisioner-shell plugin: [WARN] Config file doesn't exist: /home/ubuntu/.packerconfig
2025/07/19 18:47:31 packer-provisioner-shell plugin: [INFO] Setting cache directory: /home/ubuntu/.cache/packer
2025/07/19 18:47:31 packer-provisioner-shell plugin: args: []string{"packer-provisioner-shell"}
2025/07/19 18:47:31 packer-provisioner-shell plugin: Plugin address: unix /tmp/packer-plugin3807725544
2025/07/19 18:47:31 packer-provisioner-shell plugin: Waiting for connection...
2025/07/19 18:47:31 Received unix RPC address for /usr/local/bin/packer: addr is /tmp/packer-plugin3807725544
2025/07/19 18:47:31 packer-provisioner-shell plugin: Serving a plugin connection...
2025/07/19 18:47:31 [INFO] Starting internal plugin packer-provisioner-shell
2025/07/19 18:47:31 Starting plugin: /usr/local/bin/packer []string{"/usr/local/bin/packer", "plugin", "packer-provisioner-shell"}
2025/07/19 18:47:31 Waiting for RPC address for: /usr/local/bin/packer
2025/07/19 18:47:31 packer-provisioner-shell plugin: [INFO] Packer version: 1.10.0 [go1.20.11 linux amd64]
2025/07/19 18:47:31 packer-provisioner-shell plugin: [INFO] PACKER_CONFIG env var not set; checking the default config file path
2025/07/19 18:47:31 packer-provisioner-shell plugin: [INFO] PACKER_CONFIG env var set; attempting to open config file: /home/ubuntu/.packerconfig
2025/07/19 18:47:31 packer-provisioner-shell plugin: [WARN] Config file doesn't exist: /home/ubuntu/.packerconfig
2025/07/19 18:47:31 packer-provisioner-shell plugin: [INFO] Setting cache directory: /home/ubuntu/.cache/packer
2025/07/19 18:47:31 packer-provisioner-shell plugin: args: []string{"packer-provisioner-shell"}
2025/07/19 18:47:31 packer-provisioner-shell plugin: Plugin address: unix /tmp/packer-plugin766132716
2025/07/19 18:47:31 packer-provisioner-shell plugin: Waiting for connection...
2025/07/19 18:47:31 Received unix RPC address for /usr/local/bin/packer: addr is /tmp/packer-plugin766132716
2025/07/19 18:47:31 packer-provisioner-shell plugin: Serving a plugin connection...
2025/07/19 18:47:31 [INFO] Starting internal plugin packer-provisioner-shell
2025/07/19 18:47:31 Starting plugin: /usr/local/bin/packer []string{"/usr/local/bin/packer", "plugin", "packer-provisioner-shell"}
2025/07/19 18:47:31 Waiting for RPC address for: /usr/local/bin/packer
2025/07/19 18:47:31 packer-provisioner-shell plugin: [INFO] Packer version: 1.10.0 [go1.20.11 linux amd64]
2025/07/19 18:47:31 packer-provisioner-shell plugin: [INFO] PACKER_CONFIG env var not set; checking the default config file path
2025/07/19 18:47:31 packer-provisioner-shell plugin: [INFO] PACKER_CONFIG env var set; attempting to open config file: /home/ubuntu/.packerconfig
2025/07/19 18:47:31 packer-provisioner-shell plugin: [WARN] Config file doesn't exist: /home/ubuntu/.packerconfig
2025/07/19 18:47:31 packer-provisioner-shell plugin: [INFO] Setting cache directory: /home/ubuntu/.cache/packer
2025/07/19 18:47:31 packer-provisioner-shell plugin: args: []string{"packer-provisioner-shell"}
2025/07/19 18:47:31 packer-provisioner-shell plugin: Plugin address: unix /tmp/packer-plugin3766914282
2025/07/19 18:47:31 packer-provisioner-shell plugin: Waiting for connection...
2025/07/19 18:47:31 Received unix RPC address for /usr/local/bin/packer: addr is /tmp/packer-plugin3766914282
2025/07/19 18:47:31 packer-provisioner-shell plugin: Serving a plugin connection...
2025/07/19 18:47:31 [INFO] Starting internal plugin packer-provisioner-shell
2025/07/19 18:47:31 Starting plugin: /usr/local/bin/packer []string{"/usr/local/bin/packer", "plugin", "packer-provisioner-shell"}
2025/07/19 18:47:31 Waiting for RPC address for: /usr/local/bin/packer
2025/07/19 18:47:31 packer-provisioner-shell plugin: [INFO] Packer version: 1.10.0 [go1.20.11 linux amd64]
2025/07/19 18:47:31 packer-provisioner-shell plugin: [INFO] PACKER_CONFIG env var not set; checking the default config file path
2025/07/19 18:47:31 packer-provisioner-shell plugin: [INFO] PACKER_CONFIG env var set; attempting to open config file: /home/ubuntu/.packerconfig
2025/07/19 18:47:31 packer-provisioner-shell plugin: [WARN] Config file doesn't exist: /home/ubuntu/.packerconfig
2025/07/19 18:47:31 packer-provisioner-shell plugin: [INFO] Setting cache directory: /home/ubuntu/.cache/packer
2025/07/19 18:47:31 packer-provisioner-shell plugin: args: []string{"packer-provisioner-shell"}
2025/07/19 18:47:31 packer-provisioner-shell plugin: Plugin address: unix /tmp/packer-plugin970044005
2025/07/19 18:47:31 packer-provisioner-shell plugin: Waiting for connection...
2025/07/19 18:47:31 Received unix RPC address for /usr/local/bin/packer: addr is /tmp/packer-plugin970044005
2025/07/19 18:47:31 packer-provisioner-shell plugin: Serving a plugin connection...
2025/07/19 18:47:31 [INFO] Starting internal plugin packer-provisioner-shell
2025/07/19 18:47:31 Starting plugin: /usr/local/bin/packer []string{"/usr/local/bin/packer", "plugin", "packer-provisioner-shell"}
2025/07/19 18:47:31 Waiting for RPC address for: /usr/local/bin/packer
2025/07/19 18:47:31 packer-provisioner-shell plugin: [INFO] Packer version: 1.10.0 [go1.20.11 linux amd64]
2025/07/19 18:47:31 packer-provisioner-shell plugin: [INFO] PACKER_CONFIG env var not set; checking the default config file path
2025/07/19 18:47:31 packer-provisioner-shell plugin: [INFO] PACKER_CONFIG env var set; attempting to open config file: /home/ubuntu/.packerconfig
2025/07/19 18:47:31 packer-provisioner-shell plugin: [WARN] Config file doesn't exist: /home/ubuntu/.packerconfig
2025/07/19 18:47:31 packer-provisioner-shell plugin: [INFO] Setting cache directory: /home/ubuntu/.cache/packer
2025/07/19 18:47:31 packer-provisioner-shell plugin: args: []string{"packer-provisioner-shell"}
2025/07/19 18:47:31 packer-provisioner-shell plugin: Plugin address: unix /tmp/packer-plugin871992711
2025/07/19 18:47:31 packer-provisioner-shell plugin: Waiting for connection...
2025/07/19 18:47:31 Received unix RPC address for /usr/local/bin/packer: addr is /tmp/packer-plugin871992711
2025/07/19 18:47:31 packer-provisioner-shell plugin: Serving a plugin connection...
2025/07/19 18:47:31 [INFO] Starting internal plugin packer-provisioner-shell
2025/07/19 18:47:31 Starting plugin: /usr/local/bin/packer []string{"/usr/local/bin/packer", "plugin", "packer-provisioner-shell"}
2025/07/19 18:47:31 Waiting for RPC address for: /usr/local/bin/packer
2025/07/19 18:47:31 packer-provisioner-shell plugin: [INFO] Packer version: 1.10.0 [go1.20.11 linux amd64]
2025/07/19 18:47:31 packer-provisioner-shell plugin: [INFO] PACKER_CONFIG env var not set; checking the default config file path
2025/07/19 18:47:31 packer-provisioner-shell plugin: [INFO] PACKER_CONFIG env var set; attempting to open config file: /home/ubuntu/.packerconfig
2025/07/19 18:47:31 packer-provisioner-shell plugin: [WARN] Config file doesn't exist: /home/ubuntu/.packerconfig
2025/07/19 18:47:31 packer-provisioner-shell plugin: [INFO] Setting cache directory: /home/ubuntu/.cache/packer
2025/07/19 18:47:31 packer-provisioner-shell plugin: args: []string{"packer-provisioner-shell"}
2025/07/19 18:47:31 packer-provisioner-shell plugin: Plugin address: unix /tmp/packer-plugin90252834
2025/07/19 18:47:31 packer-provisioner-shell plugin: Waiting for connection...
2025/07/19 18:47:31 Received unix RPC address for /usr/local/bin/packer: addr is /tmp/packer-plugin90252834
2025/07/19 18:47:31 packer-provisioner-shell plugin: Serving a plugin connection...
2025/07/19 18:47:31 [INFO] Starting internal plugin packer-provisioner-shell
2025/07/19 18:47:31 Starting plugin: /usr/local/bin/packer []string{"/usr/local/bin/packer", "plugin", "packer-provisioner-shell"}
2025/07/19 18:47:31 Waiting for RPC address for: /usr/local/bin/packer
2025/07/19 18:47:31 packer-provisioner-shell plugin: [INFO] Packer version: 1.10.0 [go1.20.11 linux amd64]
2025/07/19 18:47:31 packer-provisioner-shell plugin: [INFO] PACKER_CONFIG env var not set; checking the default config file path
2025/07/19 18:47:31 packer-provisioner-shell plugin: [INFO] PACKER_CONFIG env var set; attempting to open config file: /home/ubuntu/.packerconfig
2025/07/19 18:47:31 packer-provisioner-shell plugin: [WARN] Config file doesn't exist: /home/ubuntu/.packerconfig
2025/07/19 18:47:31 packer-provisioner-shell plugin: [INFO] Setting cache directory: /home/ubuntu/.cache/packer
2025/07/19 18:47:31 packer-provisioner-shell plugin: args: []string{"packer-provisioner-shell"}
2025/07/19 18:47:31 Received unix RPC address for /usr/local/bin/packer: addr is /tmp/packer-plugin310812753
2025/07/19 18:47:31 packer-provisioner-shell plugin: Plugin address: unix /tmp/packer-plugin310812753
2025/07/19 18:47:31 packer-provisioner-shell plugin: Waiting for connection...
2025/07/19 18:47:31 packer-provisioner-shell plugin: Serving a plugin connection...
2025/07/19 18:47:31 [INFO] Starting internal plugin packer-provisioner-shell
2025/07/19 18:47:31 Starting plugin: /usr/local/bin/packer []string{"/usr/local/bin/packer", "plugin", "packer-provisioner-shell"}
2025/07/19 18:47:31 Waiting for RPC address for: /usr/local/bin/packer
2025/07/19 18:47:31 packer-provisioner-shell plugin: [INFO] Packer version: 1.10.0 [go1.20.11 linux amd64]
2025/07/19 18:47:31 packer-provisioner-shell plugin: [INFO] PACKER_CONFIG env var not set; checking the default config file path
2025/07/19 18:47:31 packer-provisioner-shell plugin: [INFO] PACKER_CONFIG env var set; attempting to open config file: /home/ubuntu/.packerconfig
2025/07/19 18:47:31 packer-provisioner-shell plugin: [WARN] Config file doesn't exist: /home/ubuntu/.packerconfig
2025/07/19 18:47:31 packer-provisioner-shell plugin: [INFO] Setting cache directory: /home/ubuntu/.cache/packer
2025/07/19 18:47:31 packer-provisioner-shell plugin: args: []string{"packer-provisioner-shell"}
2025/07/19 18:47:31 Received unix RPC address for /usr/local/bin/packer: addr is /tmp/packer-plugin867928360
2025/07/19 18:47:31 packer-provisioner-shell plugin: Plugin address: unix /tmp/packer-plugin867928360
2025/07/19 18:47:31 packer-provisioner-shell plugin: Waiting for connection...
2025/07/19 18:47:31 packer-provisioner-shell plugin: Serving a plugin connection...
2025/07/19 18:47:31 [INFO] Starting internal plugin packer-provisioner-shell
2025/07/19 18:47:31 Starting plugin: /usr/local/bin/packer []string{"/usr/local/bin/packer", "plugin", "packer-provisioner-shell"}
2025/07/19 18:47:31 Waiting for RPC address for: /usr/local/bin/packer
2025/07/19 18:47:31 packer-provisioner-shell plugin: [INFO] Packer version: 1.10.0 [go1.20.11 linux amd64]
2025/07/19 18:47:31 packer-provisioner-shell plugin: [INFO] PACKER_CONFIG env var not set; checking the default config file path
2025/07/19 18:47:31 packer-provisioner-shell plugin: [INFO] PACKER_CONFIG env var set; attempting to open config file: /home/ubuntu/.packerconfig
2025/07/19 18:47:31 packer-provisioner-shell plugin: [WARN] Config file doesn't exist: /home/ubuntu/.packerconfig
2025/07/19 18:47:31 packer-provisioner-shell plugin: [INFO] Setting cache directory: /home/ubuntu/.cache/packer
2025/07/19 18:47:31 packer-provisioner-shell plugin: args: []string{"packer-provisioner-shell"}
2025/07/19 18:47:31 Received unix RPC address for /usr/local/bin/packer: addr is /tmp/packer-plugin1327052737
2025/07/19 18:47:31 packer-provisioner-shell plugin: Plugin address: unix /tmp/packer-plugin1327052737
2025/07/19 18:47:31 packer-provisioner-shell plugin: Waiting for connection...
2025/07/19 18:47:31 packer-provisioner-shell plugin: Serving a plugin connection...
2025/07/19 18:47:31 [INFO] Starting internal plugin packer-provisioner-shell
2025/07/19 18:47:31 Starting plugin: /usr/local/bin/packer []string{"/usr/local/bin/packer", "plugin", "packer-provisioner-shell"}
2025/07/19 18:47:31 Waiting for RPC address for: /usr/local/bin/packer
2025/07/19 18:47:31 packer-provisioner-shell plugin: [INFO] Packer version: 1.10.0 [go1.20.11 linux amd64]
2025/07/19 18:47:31 packer-provisioner-shell plugin: [INFO] PACKER_CONFIG env var not set; checking the default config file path
2025/07/19 18:47:31 packer-provisioner-shell plugin: [INFO] PACKER_CONFIG env var set; attempting to open config file: /home/ubuntu/.packerconfig
2025/07/19 18:47:31 packer-provisioner-shell plugin: [WARN] Config file doesn't exist: /home/ubuntu/.packerconfig
2025/07/19 18:47:31 packer-provisioner-shell plugin: [INFO] Setting cache directory: /home/ubuntu/.cache/packer
2025/07/19 18:47:31 packer-provisioner-shell plugin: args: []string{"packer-provisioner-shell"}
2025/07/19 18:47:31 packer-provisioner-shell plugin: Plugin address: unix /tmp/packer-plugin3445550260
2025/07/19 18:47:31 packer-provisioner-shell plugin: Waiting for connection...
2025/07/19 18:47:31 Received unix RPC address for /usr/local/bin/packer: addr is /tmp/packer-plugin3445550260
2025/07/19 18:47:31 packer-provisioner-shell plugin: Serving a plugin connection...
2025/07/19 18:47:31 [INFO] Starting internal plugin packer-post-processor-manifest
2025/07/19 18:47:31 Starting plugin: /usr/local/bin/packer []string{"/usr/local/bin/packer", "plugin", "packer-post-processor-manifest"}
2025/07/19 18:47:31 Waiting for RPC address for: /usr/local/bin/packer
2025/07/19 18:47:31 packer-post-processor-manifest plugin: [INFO] Packer version: 1.10.0 [go1.20.11 linux amd64]
2025/07/19 18:47:31 packer-post-processor-manifest plugin: [INFO] PACKER_CONFIG env var not set; checking the default config file path
2025/07/19 18:47:31 packer-post-processor-manifest plugin: [INFO] PACKER_CONFIG env var set; attempting to open config file: /home/ubuntu/.packerconfig
2025/07/19 18:47:31 packer-post-processor-manifest plugin: [WARN] Config file doesn't exist: /home/ubuntu/.packerconfig
2025/07/19 18:47:31 packer-post-processor-manifest plugin: [INFO] Setting cache directory: /home/ubuntu/.cache/packer
2025/07/19 18:47:31 packer-post-processor-manifest plugin: args: []string{"packer-post-processor-manifest"}
2025/07/19 18:47:31 packer-post-processor-manifest plugin: Plugin address: unix /tmp/packer-plugin387105627
2025/07/19 18:47:31 packer-post-processor-manifest plugin: Waiting for connection...
2025/07/19 18:47:31 Received unix RPC address for /usr/local/bin/packer: addr is /tmp/packer-plugin387105627
2025/07/19 18:47:31 packer-post-processor-manifest plugin: Serving a plugin connection...
2025/07/19 18:47:31 ui: [1;32mubuntu-base.meda-vm.ubuntu-base: output will be in this color.[0m
2025/07/19 18:47:31 ui: 
2025/07/19 18:47:31 Build debug mode: false
2025/07/19 18:47:31 Force build: false
2025/07/19 18:47:31 On error: 
2025/07/19 18:47:31 Waiting on builds to complete...
2025/07/19 18:47:31 Starting build run: ubuntu-base.meda-vm.ubuntu-base
2025/07/19 18:47:31 Running builder: 
2025/07/19 18:47:31 [INFO] (telemetry) Starting builder meda-vm.ubuntu-base
2025/07/19 18:47:31 ui: [1;32m==> ubuntu-base.meda-vm.ubuntu-base: Ensuring base image 'ubuntu:latest' is available locally[0m
2025/07/19 18:47:32 ui: [1;32m==> ubuntu-base.meda-vm.ubuntu-base: Base image 'ubuntu:latest' not found locally, pulling from registry...[0m
2025/07/19 18:48:17 ui: [1;32m==> ubuntu-base.meda-vm.ubuntu-base: Successfully pulled base image 'ubuntu:latest'[0m
2025/07/19 18:48:17 ui: [1;32m==> ubuntu-base.meda-vm.ubuntu-base: Creating VM 'packer-ubuntu-base-build-1752950851' with base image 'ubuntu:latest'[0m
2025/07/19 18:48:20 ui: [1;32m==> ubuntu-base.meda-vm.ubuntu-base: VM 'packer-ubuntu-base-build-1752950851' created successfully[0m
2025/07/19 18:48:20 ui: [1;32m==> ubuntu-base.meda-vm.ubuntu-base: Starting VM 'packer-ubuntu-base-build-1752950851'[0m
2025/07/19 18:48:23 ui: [1;32m==> ubuntu-base.meda-vm.ubuntu-base: VM 'packer-ubuntu-base-build-1752950851' started successfully[0m
2025/07/19 18:48:23 ui: [1;32m==> ubuntu-base.meda-vm.ubuntu-base: Waiting for VM 'packer-ubuntu-base-build-1752950851' to be ready...[0m
2025/07/19 18:48:33 ui: [1;32m==> ubuntu-base.meda-vm.ubuntu-base: VM is ready with IP: Finished `dev` profile [unoptimized + debuginfo] target(s) in 0.07s
==> ubuntu-base.meda-vm.ubuntu-base:      Running `target/debug/meda ip packer-ubuntu-base-build-1752950851`
==> ubuntu-base.meda-vm.ubuntu-base: 192.168.53.2[0m
2025/07/19 18:48:33 packer-plugin-meda plugin: 2025/07/19 18:48:33 Unable to load communicator config from state to populate provisionHookData
2025/07/19 18:48:33 packer-plugin-meda plugin: 2025/07/19 18:48:33 Running the provision hook
2025/07/19 18:48:33 [INFO] (telemetry) Starting provisioner shell
2025/07/19 18:48:33 ui: [1;32m==> ubuntu-base.meda-vm.ubuntu-base: Pausing 30s before the next provisioner...[0m
2025/07/19 18:49:03 ui: [1;32m==> ubuntu-base.meda-vm.ubuntu-base: Provisioning with shell script: /tmp/packer-shell4086476874[0m
2025/07/19 18:49:03 packer-provisioner-shell plugin: Opening /tmp/packer-shell4086476874 for reading
2025/07/19 18:49:03 packer-provisioner-shell plugin: [INFO] 111 bytes written for 'uploadData'
2025/07/19 18:49:03 [INFO] 111 bytes written for 'uploadData'
2025/07/19 18:49:03 packer-plugin-meda plugin: panic: runtime error: invalid memory address or nil pointer dereference
2025/07/19 18:49:03 packer-plugin-meda plugin: [signal SIGSEGV: segmentation violation code=0x1 addr=0x30 pc=0xe1a7e0]
2025/07/19 18:49:03 packer-plugin-meda plugin: 
2025/07/19 18:49:03 packer-plugin-meda plugin: goroutine 45 [running]:
2025/07/19 18:49:03 packer-plugin-meda plugin: github.com/hashicorp/packer-plugin-sdk/rpc.(*CommunicatorServer).Upload(0xc0000fbc20, 0xc00007e660, 0x0?)
2025/07/19 18:49:03 packer-plugin-meda plugin: 	/home/ubuntu/go/pkg/mod/github.com/hashicorp/packer-plugin-sdk@v0.6.2/rpc/communicator.go:304 +0x140
2025/07/19 18:49:03 packer-plugin-meda plugin: reflect.Value.call({0xc0004da3c0?, 0xc0004d80b8?, 0x13?}, {0x11392d7, 0x4}, {0xc000535ef8, 0x3, 0x3?})
2025/07/19 18:49:03 packer-plugin-meda plugin: 	/usr/local/go/src/reflect/value.go:584 +0xca6
2025/07/19 18:49:03 packer-plugin-meda plugin: reflect.Value.Call({0xc0004da3c0?, 0xc0004d80b8?, 0xc0006ea750?}, {0xc0006ea6f8?, 0xc0006ea6f8?, 0xc0006ea6bc?})
2025/07/19 18:49:03 packer-plugin-meda plugin: 	/usr/local/go/src/reflect/value.go:368 +0xb9
2025/07/19 18:49:03 packer-plugin-meda plugin: net/rpc.(*service).call(0xc0004cc180, 0xc00053c0a0, 0xc0006980d8, 0xc0006980e0, 0xc0004dc200, 0xc00007e640, {0xf11a40?, 0xc00007e660?, 0x0?}, {0xf0c4c0, ...}, ...)
2025/07/19 18:49:03 packer-plugin-meda plugin: 	/usr/local/go/src/net/rpc/server.go:381 +0x209
2025/07/19 18:49:03 packer-plugin-meda plugin: created by net/rpc.(*Server).ServeCodec in goroutine 25
2025/07/19 18:49:03 packer-plugin-meda plugin: 	/usr/local/go/src/net/rpc/server.go:478 +0x3ca
2025/07/19 18:49:03 /home/ubuntu/meda/packer-plugin-meda/packer-plugin-meda: plugin process exited
2025/07/19 18:49:03 [INFO] (telemetry) ending meda-vm.ubuntu-base
2025/07/19 18:49:03 ui error: [1;31mBuild 'ubuntu-base.meda-vm.ubuntu-base' errored after 1 minute 31 seconds: unexpected EOF[0m
2025/07/19 18:49:03 ui: 
==> Wait completed after 1 minute 31 seconds
2025/07/19 18:49:03 machine readable: error-count []string{"1"}
2025/07/19 18:49:03 ui error: 
==> Some builds didn't complete successfully and had errors:
2025/07/19 18:49:03 machine readable: ubuntu-base.meda-vm.ubuntu-base,error []string{"unexpected EOF"}
2025/07/19 18:49:03 ui error: --> ubuntu-base.meda-vm.ubuntu-base: unexpected EOF
2025/07/19 18:49:03 ui: 
==> Builds finished but no artifacts were created.
2025/07/19 18:49:03 packer-provisioner-shell plugin: Retryable error: Error uploading script: unexpected EOF
2025/07/19 18:49:03 [INFO] (telemetry) Finalizing.
2025/07/19 18:49:03 waiting for all plugin processes to complete...
2025/07/19 18:49:03 /usr/local/bin/packer: plugin process exited
2025/07/19 18:49:03 /usr/local/bin/packer: plugin process exited
2025/07/19 18:49:03 /usr/local/bin/packer: plugin process exited
2025/07/19 18:49:03 /usr/local/bin/packer: plugin process exited
2025/07/19 18:49:03 /usr/local/bin/packer: plugin process exited
2025/07/19 18:49:03 [INFO] (telemetry) ending shell
2025/07/19 18:49:03 /usr/local/bin/packer: plugin process exited
2025/07/19 18:49:03 /usr/local/bin/packer: plugin process exited
2025/07/19 18:49:03 /usr/local/bin/packer: plugin process exited
2025/07/19 18:49:03 /usr/local/bin/packer: plugin process exited
2025/07/19 18:49:03 /usr/local/bin/packer: plugin process exited
2025/07/19 18:49:03 /usr/local/bin/packer: plugin process exited
2025/07/19 18:49:03 /usr/local/bin/packer: plugin process exited
